# JRE version: Java(TM) SE Runtime Environment (8.0_131-b11) (build 1.8.0_131-b11)
# Java VM: Java HotSpot(TM) 64-Bit Server VM (25.131-b11 mixed mode linux-amd64 compressed oops)
Heap:
 PSYoungGen      total 162816K, used 832K [0x00000000eab00000, 0x00000000f4f00000, 0x0000000100000000)
  eden space 157696K, 0% used [0x00000000eab00000,0x00000000eab00000,0x00000000f4500000)
  from space 5120K, 16% used [0x00000000f4500000,0x00000000f45d0000,0x00000000f4a00000)
  to   space 4608K, 0% used [0x00000000f4a80000,0x00000000f4a80000,0x00000000f4f00000)
 ParOldGen       total 32768K, used 9678K [0x00000000c0000000, 0x00000000c2000000, 0x00000000eab00000)
  object space 32768K, 29% used [0x00000000c0000000,0x00000000c0973b90,0x00000000c2000000)
 Metaspace       used 6024K, capacity 6256K, committed 6528K, reserved 1056768K
  class space    used 564K, capacity 592K, committed 640K, reserved 1048576K
GC Heap History (10 events):
Event: 1,005 GC heap after
Heap after GC invocations=6 (full 0):
 PSYoungGen      total 54272K, used 2256K [0x00000000eab00000, 0x00000000ee500000, 0x0000000100000000)
  eden space 49152K, 0% used [0x00000000eab00000,0x00000000eab00000,0x00000000edb00000)
  from space 5120K, 44% used [0x00000000ee000000,0x00000000ee234010,0x00000000ee500000)
  to   space 5120K, 0% used [0x00000000edb00000,0x00000000edb00000,0x00000000ee000000)
 ParOldGen       total 32768K, used 6142K [0x00000000c0000000, 0x00000000c2000000, 0x00000000eab00000)
  object space 32768K, 18% used [0x00000000c0000000,0x00000000c05ffb60,0x00000000c2000000)
 Metaspace       used 5838K, capacity 6128K, committed 6272K, reserved 1056768K
  class space    used 564K, capacity 592K, committed 640K, reserved 1048576K
}
Event: 1,112 GC heap before
{Heap before GC invocations=7 (full 0):
 PSYoungGen      total 54272K, used 51408K [0x00000000eab00000, 0x00000000ee500000, 0x0000000100000000)
  eden space 49152K, 100% used [0x00000000eab00000,0x00000000edb00000,0x00000000edb00000)
  from space 5120K, 44% used [0x00000000ee000000,0x00000000ee234010,0x00000000ee500000)
  to   space 5120K, 0% used [0x00000000edb00000,0x00000000edb00000,0x00000000ee000000)
 ParOldGen       total 32768K, used 6142K [0x00000000c0000000, 0x00000000c2000000, 0x00000000eab00000)
  object space 32768K, 18% used [0x00000000c0000000,0x00000000c05ffb60,0x00000000c2000000)
 Metaspace       used 5898K, capacity 6192K, committed 6272K, reserved 1056768K
  class space    used 564K, capacity 592K, committed 640K, reserved 1048576K
Event: 1,118 GC heap after
Heap after GC invocations=7 (full 0):
 PSYoungGen      total 54272K, used 1280K [0x00000000eab00000, 0x00000000f1500000, 0x0000000100000000)
  eden space 49152K, 0% used [0x00000000eab00000,0x00000000eab00000,0x00000000edb00000)
  from space 5120K, 25% used [0x00000000edb00000,0x00000000edc40000,0x00000000ee000000)
  to   space 5120K, 0% used [0x00000000f1000000,0x00000000f1000000,0x00000000f1500000)
 ParOldGen       total 32768K, used 7262K [0x00000000c0000000, 0x00000000c2000000, 0x00000000eab00000)
  object space 32768K, 22% used [0x00000000c0000000,0x00000000c0717b90,0x00000000c2000000)
 Metaspace       used 5898K, capacity 6192K, committed 6272K, reserved 1056768K
  class space    used 564K, capacity 592K, committed 640K, reserved 1048576K
}
Event: 1,183 GC heap before
{Heap before GC invocations=8 (full 0):
 PSYoungGen      total 54272K, used 50432K [0x00000000eab00000, 0x00000000f1500000, 0x0000000100000000)
  eden space 49152K, 100% used [0x00000000eab00000,0x00000000edb00000,0x00000000edb00000)
  from space 5120K, 25% used [0x00000000edb00000,0x00000000edc40000,0x00000000ee000000)
  to   space 5120K, 0% used [0x00000000f1000000,0x00000000f1000000,0x00000000f1500000)
 ParOldGen       total 32768K, used 7262K [0x00000000c0000000, 0x00000000c2000000, 0x00000000eab00000)
  object space 32768K, 22% used [0x00000000c0000000,0x00000000c0717b90,0x00000000c2000000)
 Metaspace       used 5937K, capacity 6192K, committed 6272K, reserved 1056768K
  class space    used 564K, capacity 592K, committed 640K, reserved 1048576K
Event: 1,186 GC heap after
Heap after GC invocations=8 (full 0):
 PSYoungGen      total 103424K, used 896K [0x00000000eab00000, 0x00000000f1500000, 0x0000000100000000)
  eden space 98304K, 0% used [0x00000000eab00000,0x00000000eab00000,0x00000000f0b00000)
  from space 5120K, 17% used [0x00000000f1000000,0x00000000f10e0000,0x00000000f1500000)
  to   space 5120K, 0% used [0x00000000f0b00000,0x00000000f0b00000,0x00000000f1000000)
 ParOldGen       total 32768K, used 7806K [0x00000000c0000000, 0x00000000c2000000, 0x00000000eab00000)
  object space 32768K, 23% used [0x00000000c0000000,0x00000000c079fb90,0x00000000c2000000)
 Metaspace       used 5937K, capacity 6192K, committed 6272K, reserved 1056768K
  class space    used 564K, capacity 592K, committed 640K, reserved 1048576K
}
Event: 1,304 GC heap before
{Heap before GC invocations=9 (full 0):
 PSYoungGen      total 103424K, used 99200K [0x00000000eab00000, 0x00000000f1500000, 0x0000000100000000)
  eden space 98304K, 100% used [0x00000000eab00000,0x00000000f0b00000,0x00000000f0b00000)
  from space 5120K, 17% used [0x00000000f1000000,0x00000000f10e0000,0x00000000f1500000)
  to   space 5120K, 0% used [0x00000000f0b00000,0x00000000f0b00000,0x00000000f1000000)
 ParOldGen       total 32768K, used 7806K [0x00000000c0000000, 0x00000000c2000000, 0x00000000eab00000)
  object space 32768K, 23% used [0x00000000c0000000,0x00000000c079fb90,0x00000000c2000000)
 Metaspace       used 5977K, capacity 6256K, committed 6528K, reserved 1056768K
  class space    used 564K, capacity 592K, committed 640K, reserved 1048576K
Event: 1,310 GC heap after
Heap after GC invocations=9 (full 0):
 PSYoungGen      total 103424K, used 960K [0x00000000eab00000, 0x00000000f5000000, 0x0000000100000000)
  eden space 98304K, 0% used [0x00000000eab00000,0x00000000eab00000,0x00000000f0b00000)
  from space 5120K, 18% used [0x00000000f0b00000,0x00000000f0bf0000,0x00000000f1000000)
  to   space 5632K, 0% used [0x00000000f4a80000,0x00000000f4a80000,0x00000000f5000000)
 ParOldGen       total 32768K, used 8334K [0x00000000c0000000, 0x00000000c2000000, 0x00000000eab00000)
  object space 32768K, 25% used [0x00000000c0000000,0x00000000c0823b90,0x00000000c2000000)
 Metaspace       used 5977K, capacity 6256K, committed 6528K, reserved 1056768K
  class space    used 564K, capacity 592K, committed 640K, reserved 1048576K
}
Event: 1,477 GC heap before
{Heap before GC invocations=10 (full 0):
 PSYoungGen      total 103424K, used 99264K [0x00000000eab00000, 0x00000000f5000000, 0x0000000100000000)
  eden space 98304K, 100% used [0x00000000eab00000,0x00000000f0b00000,0x00000000f0b00000)
  from space 5120K, 18% used [0x00000000f0b00000,0x00000000f0bf0000,0x00000000f1000000)
  to   space 5632K, 0% used [0x00000000f4a80000,0x00000000f4a80000,0x00000000f5000000)
 ParOldGen       total 32768K, used 8334K [0x00000000c0000000, 0x00000000c2000000, 0x00000000eab00000)
  object space 32768K, 25% used [0x00000000c0000000,0x00000000c0823b90,0x00000000c2000000)
 Metaspace       used 6012K, capacity 6256K, committed 6528K, reserved 1056768K
  class space    used 564K, capacity 592K, committed 640K, reserved 1048576K
Event: 1,480 GC heap after
Heap after GC invocations=10 (full 0):
 PSYoungGen      total 162304K, used 1088K [0x00000000eab00000, 0x00000000f4f00000, 0x0000000100000000)
  eden space 157696K, 0% used [0x00000000eab00000,0x00000000eab00000,0x00000000f4500000)
  from space 4608K, 23% used [0x00000000f4a80000,0x00000000f4b90000,0x00000000f4f00000)
  to   space 5120K, 0% used [0x00000000f4500000,0x00000000f4500000,0x00000000f4a00000)
 ParOldGen       total 32768K, used 8646K [0x00000000c0000000, 0x00000000c2000000, 0x00000000eab00000)
  object space 32768K, 26% used [0x00000000c0000000,0x00000000c0871b90,0x00000000c2000000)
 Metaspace       used 6012K, capacity 6256K, committed 6528K, reserved 1056768K
  class space    used 564K, capacity 592K, committed 640K, reserved 1048576K
}
Event: 1,836 GC heap before
{Heap before GC invocations=11 (full 0):
 PSYoungGen      total 162304K, used 158784K [0x00000000eab00000, 0x00000000f4f00000, 0x0000000100000000)
  eden space 157696K, 100% used [0x00000000eab00000,0x00000000f4500000,0x00000000f4500000)
  from space 4608K, 23% used [0x00000000f4a80000,0x00000000f4b90000,0x00000000f4f00000)
  to   space 5120K, 0% used [0x00000000f4500000,0x00000000f4500000,0x00000000f4a00000)
 ParOldGen       total 32768K, used 8646K [0x00000000c0000000, 0x00000000c2000000, 0x00000000eab00000)
  object space 32768K, 26% used [0x00000000c0000000,0x00000000c0871b90,0x00000000c2000000)
 Metaspace       used 6024K, capacity 6256K, committed 6528K, reserved 1056768K
  class space    used 564K, capacity 592K, committed 640K, reserved 1048576K

