# JRE version: Java(TM) SE Runtime Environment (8.0_131-b11) (build 1.8.0_131-b11)
# Java VM: Java HotSpot(TM) 64-Bit Server VM (25.131-b11 mixed mode linux-amd64 compressed oops)
Heap:
 PSYoungGen      total 162816K, used 864K [0x00000000eab00000, 0x00000000f4f00000, 0x0000000100000000)
  eden space 157696K, 0% used [0x00000000eab00000,0x00000000eab00000,0x00000000f4500000)
  from space 5120K, 16% used [0x00000000f4500000,0x00000000f45d8000,0x00000000f4a00000)
  to   space 5120K, 0% used [0x00000000f4a00000,0x00000000f4a00000,0x00000000f4f00000)
 ParOldGen       total 32768K, used 9712K [0x00000000c0000000, 0x00000000c2000000, 0x00000000eab00000)
  object space 32768K, 29% used [0x00000000c0000000,0x00000000c097c358,0x00000000c2000000)
 Metaspace       used 6039K, capacity 6256K, committed 6528K, reserved 1056768K
  class space    used 564K, capacity 592K, committed 640K, reserved 1048576K
GC Heap History (10 events):
Event: 1,175 GC heap after
Heap after GC invocations=6 (full 0):
 PSYoungGen      total 54272K, used 2272K [0x00000000eab00000, 0x00000000ee500000, 0x0000000100000000)
  eden space 49152K, 0% used [0x00000000eab00000,0x00000000eab00000,0x00000000edb00000)
  from space 5120K, 44% used [0x00000000ee000000,0x00000000ee238000,0x00000000ee500000)
  to   space 5120K, 0% used [0x00000000edb00000,0x00000000edb00000,0x00000000ee000000)
 ParOldGen       total 32768K, used 6128K [0x00000000c0000000, 0x00000000c2000000, 0x00000000eab00000)
  object space 32768K, 18% used [0x00000000c0000000,0x00000000c05fc358,0x00000000c2000000)
 Metaspace       used 5912K, capacity 6192K, committed 6272K, reserved 1056768K
  class space    used 563K, capacity 592K, committed 640K, reserved 1048576K
}
Event: 1,287 GC heap before
{Heap before GC invocations=7 (full 0):
 PSYoungGen      total 54272K, used 51424K [0x00000000eab00000, 0x00000000ee500000, 0x0000000100000000)
  eden space 49152K, 100% used [0x00000000eab00000,0x00000000edb00000,0x00000000edb00000)
  from space 5120K, 44% used [0x00000000ee000000,0x00000000ee238000,0x00000000ee500000)
  to   space 5120K, 0% used [0x00000000edb00000,0x00000000edb00000,0x00000000ee000000)
 ParOldGen       total 32768K, used 6128K [0x00000000c0000000, 0x00000000c2000000, 0x00000000eab00000)
  object space 32768K, 18% used [0x00000000c0000000,0x00000000c05fc358,0x00000000c2000000)
 Metaspace       used 5954K, capacity 6256K, committed 6528K, reserved 1056768K
  class space    used 564K, capacity 592K, committed 640K, reserved 1048576K
Event: 1,292 GC heap after
Heap after GC invocations=7 (full 0):
 PSYoungGen      total 54272K, used 1856K [0x00000000eab00000, 0x00000000f1500000, 0x0000000100000000)
  eden space 49152K, 0% used [0x00000000eab00000,0x00000000eab00000,0x00000000edb00000)
  from space 5120K, 36% used [0x00000000edb00000,0x00000000edcd0000,0x00000000ee000000)
  to   space 5120K, 0% used [0x00000000f1000000,0x00000000f1000000,0x00000000f1500000)
 ParOldGen       total 32768K, used 6696K [0x00000000c0000000, 0x00000000c2000000, 0x00000000eab00000)
  object space 32768K, 20% used [0x00000000c0000000,0x00000000c068a358,0x00000000c2000000)
 Metaspace       used 5954K, capacity 6256K, committed 6528K, reserved 1056768K
  class space    used 564K, capacity 592K, committed 640K, reserved 1048576K
}
Event: 1,362 GC heap before
{Heap before GC invocations=8 (full 0):
 PSYoungGen      total 54272K, used 51008K [0x00000000eab00000, 0x00000000f1500000, 0x0000000100000000)
  eden space 49152K, 100% used [0x00000000eab00000,0x00000000edb00000,0x00000000edb00000)
  from space 5120K, 36% used [0x00000000edb00000,0x00000000edcd0000,0x00000000ee000000)
  to   space 5120K, 0% used [0x00000000f1000000,0x00000000f1000000,0x00000000f1500000)
 ParOldGen       total 32768K, used 6696K [0x00000000c0000000, 0x00000000c2000000, 0x00000000eab00000)
  object space 32768K, 20% used [0x00000000c0000000,0x00000000c068a358,0x00000000c2000000)
 Metaspace       used 5983K, capacity 6256K, committed 6528K, reserved 1056768K
  class space    used 564K, capacity 592K, committed 640K, reserved 1048576K
Event: 1,365 GC heap after
Heap after GC invocations=8 (full 0):
 PSYoungGen      total 103424K, used 1056K [0x00000000eab00000, 0x00000000f1500000, 0x0000000100000000)
  eden space 98304K, 0% used [0x00000000eab00000,0x00000000eab00000,0x00000000f0b00000)
  from space 5120K, 20% used [0x00000000f1000000,0x00000000f1108000,0x00000000f1500000)
  to   space 5120K, 0% used [0x00000000f0b00000,0x00000000f0b00000,0x00000000f1000000)
 ParOldGen       total 32768K, used 7648K [0x00000000c0000000, 0x00000000c2000000, 0x00000000eab00000)
  object space 32768K, 23% used [0x00000000c0000000,0x00000000c0778358,0x00000000c2000000)
 Metaspace       used 5983K, capacity 6256K, committed 6528K, reserved 1056768K
  class space    used 564K, capacity 592K, committed 640K, reserved 1048576K
}
Event: 1,474 GC heap before
{Heap before GC invocations=9 (full 0):
 PSYoungGen      total 103424K, used 99360K [0x00000000eab00000, 0x00000000f1500000, 0x0000000100000000)
  eden space 98304K, 100% used [0x00000000eab00000,0x00000000f0b00000,0x00000000f0b00000)
  from space 5120K, 20% used [0x00000000f1000000,0x00000000f1108000,0x00000000f1500000)
  to   space 5120K, 0% used [0x00000000f0b00000,0x00000000f0b00000,0x00000000f1000000)
 ParOldGen       total 32768K, used 7648K [0x00000000c0000000, 0x00000000c2000000, 0x00000000eab00000)
  object space 32768K, 23% used [0x00000000c0000000,0x00000000c0778358,0x00000000c2000000)
 Metaspace       used 6003K, capacity 6256K, committed 6528K, reserved 1056768K
  class space    used 564K, capacity 592K, committed 640K, reserved 1048576K
Event: 1,479 GC heap after
Heap after GC invocations=9 (full 0):
 PSYoungGen      total 103424K, used 960K [0x00000000eab00000, 0x00000000f4f00000, 0x0000000100000000)
  eden space 98304K, 0% used [0x00000000eab00000,0x00000000eab00000,0x00000000f0b00000)
  from space 5120K, 18% used [0x00000000f0b00000,0x00000000f0bf0000,0x00000000f1000000)
  to   space 5120K, 0% used [0x00000000f4a00000,0x00000000f4a00000,0x00000000f4f00000)
 ParOldGen       total 32768K, used 8376K [0x00000000c0000000, 0x00000000c2000000, 0x00000000eab00000)
  object space 32768K, 25% used [0x00000000c0000000,0x00000000c082e358,0x00000000c2000000)
 Metaspace       used 6003K, capacity 6256K, committed 6528K, reserved 1056768K
  class space    used 564K, capacity 592K, committed 640K, reserved 1048576K
}
Event: 1,573 GC heap before
{Heap before GC invocations=10 (full 0):
 PSYoungGen      total 103424K, used 99264K [0x00000000eab00000, 0x00000000f4f00000, 0x0000000100000000)
  eden space 98304K, 100% used [0x00000000eab00000,0x00000000f0b00000,0x00000000f0b00000)
  from space 5120K, 18% used [0x00000000f0b00000,0x00000000f0bf0000,0x00000000f1000000)
  to   space 5120K, 0% used [0x00000000f4a00000,0x00000000f4a00000,0x00000000f4f00000)
 ParOldGen       total 32768K, used 8376K [0x00000000c0000000, 0x00000000c2000000, 0x00000000eab00000)
  object space 32768K, 25% used [0x00000000c0000000,0x00000000c082e358,0x00000000c2000000)
 Metaspace       used 6030K, capacity 6256K, committed 6528K, reserved 1056768K
  class space    used 564K, capacity 592K, committed 640K, reserved 1048576K
Event: 1,576 GC heap after
Heap after GC invocations=10 (full 0):
 PSYoungGen      total 162816K, used 1056K [0x00000000eab00000, 0x00000000f4f00000, 0x0000000100000000)
  eden space 157696K, 0% used [0x00000000eab00000,0x00000000eab00000,0x00000000f4500000)
  from space 5120K, 20% used [0x00000000f4a00000,0x00000000f4b08000,0x00000000f4f00000)
  to   space 5120K, 0% used [0x00000000f4500000,0x00000000f4500000,0x00000000f4a00000)
 ParOldGen       total 32768K, used 8680K [0x00000000c0000000, 0x00000000c2000000, 0x00000000eab00000)
  object space 32768K, 26% used [0x00000000c0000000,0x00000000c087a358,0x00000000c2000000)
 Metaspace       used 6030K, capacity 6256K, committed 6528K, reserved 1056768K
  class space    used 564K, capacity 592K, committed 640K, reserved 1048576K
}
Event: 1,825 GC heap before
{Heap before GC invocations=11 (full 0):
 PSYoungGen      total 162816K, used 158752K [0x00000000eab00000, 0x00000000f4f00000, 0x0000000100000000)
  eden space 157696K, 100% used [0x00000000eab00000,0x00000000f4500000,0x00000000f4500000)
  from space 5120K, 20% used [0x00000000f4a00000,0x00000000f4b08000,0x00000000f4f00000)
  to   space 5120K, 0% used [0x00000000f4500000,0x00000000f4500000,0x00000000f4a00000)
 ParOldGen       total 32768K, used 8680K [0x00000000c0000000, 0x00000000c2000000, 0x00000000eab00000)
  object space 32768K, 26% used [0x00000000c0000000,0x00000000c087a358,0x00000000c2000000)
 Metaspace       used 6039K, capacity 6256K, committed 6528K, reserved 1056768K
  class space    used 564K, capacity 592K, committed 640K, reserved 1048576K

